Unknown user login at Wed, 16 May 2018 19:33:48 +0000: try to go on action=login
Unknown user login at Wed, 16 May 2018 19:33:48 +0000: try to go on action=login
Unknown user login at Wed, 16 May 2018 19:36:34 +0000: try to go on action=login
Unknown user login at Wed, 16 May 2018 19:36:34 +0000: try to go on action=login
Unknown user login at Wed, 16 May 2018 19:40:38 +0000:  went  on action=login
Unknown user login at Wed, 16 May 2018 19:40:54 +0000:  went  on action=login
Unknown user login at Wed, 16 May 2018 19:47:57 +0000:  went  on action=login
Unknown user login at Wed, 16 May 2018 19:48:04 +0000:  went  on action=login
Unknown user like at Wed, 16 May 2018 19:48:06 +0000: 1389
Unknown user like at Wed, 16 May 2018 19:48:07 +0000: 1388
Unknown user delete at Wed, 16 May 2018 19:48:11 +0000: 0
Unknown user delete at Wed, 16 May 2018 19:48:12 +0000: 0
Unknown user delete at Wed, 16 May 2018 19:48:13 +0000: 0
Unknown user delete at Wed, 16 May 2018 19:48:14 +0000: 0
Unknown user delete at Wed, 16 May 2018 19:48:15 +0000: 0
Unknown user follow at Wed, 16 May 2018 19:48:21 +0000: 59
Unknown user login at Wed, 16 May 2018 19:50:42 +0000:  went  on action=login
Unknown user login at Wed, 16 May 2018 19:53:48 +0000: inccorect pass
Unknown user login at Wed, 16 May 2018 19:53:53 +0000: inccorect pass
Unknown user login at Wed, 16 May 2018 19:53:57 +0000: inccorect pass
Unknown user login at Wed, 16 May 2018 19:54:04 +0000: inccorect pass
Unknown user login at Wed, 16 May 2018 19:54:13 +0000: inccorect pass
Unknown user login at Wed, 16 May 2018 19:54:26 +0000:  went  on action=login
